# JRE version: OpenJDK Runtime Environment (11.0.13) (build 11.0.13+0-b1751.21-8125866)
# Java VM: OpenJDK 64-Bit Server VM (11.0.13+0-b1751.21-8125866, mixed mode, tiered, compressed oops, g1 gc, windows-amd64)
Heap:
 garbage-first heap   total 76800K, used 33494K [0x00000000c2c00000, 0x0000000100000000)
  region size 1024K, 14 young (14336K), 1 survivors (1024K)
 Metaspace       used 37778K, capacity 38196K, committed 38352K, reserved 1083392K
  class space    used 4603K, capacity 4767K, committed 4860K, reserved 1048576K
GC Heap History (14 events):
Event: 0.460 GC heap before
{Heap before GC invocations=0 (full 0):
 garbage-first heap   total 63488K, used 9216K [0x00000000c2c00000, 0x0000000100000000)
  region size 1024K, 7 young (7168K), 0 survivors (0K)
 Metaspace       used 7202K, capacity 7279K, committed 7424K, reserved 1056768K
  class space    used 606K, capacity 660K, committed 768K, reserved 1048576K
}
Event: 0.464 GC heap after
{Heap after GC invocations=1 (full 0):
 garbage-first heap   total 63488K, used 5271K [0x00000000c2c00000, 0x0000000100000000)
  region size 1024K, 1 young (1024K), 1 survivors (1024K)
 Metaspace       used 7202K, capacity 7279K, committed 7424K, reserved 1056768K
  class space    used 606K, capacity 660K, committed 768K, reserved 1048576K
}
Event: 0.855 GC heap before
{Heap before GC invocations=1 (full 0):
 garbage-first heap   total 63488K, used 18583K [0x00000000c2c00000, 0x0000000100000000)
  region size 1024K, 13 young (13312K), 1 survivors (1024K)
 Metaspace       used 11014K, capacity 11154K, committed 11264K, reserved 1058816K
  class space    used 972K, capacity 1013K, committed 1024K, reserved 1048576K
}
Event: 0.859 GC heap after
{Heap after GC invocations=2 (full 0):
 garbage-first heap   total 63488K, used 5472K [0x00000000c2c00000, 0x0000000100000000)
  region size 1024K, 2 young (2048K), 2 survivors (2048K)
 Metaspace       used 11014K, capacity 11154K, committed 11264K, reserved 1058816K
  class space    used 972K, capacity 1013K, committed 1024K, reserved 1048576K
}
Event: 1.379 GC heap before
{Heap before GC invocations=2 (full 0):
 garbage-first heap   total 63488K, used 19808K [0x00000000c2c00000, 0x0000000100000000)
  region size 1024K, 16 young (16384K), 2 survivors (2048K)
 Metaspace       used 14427K, capacity 14522K, committed 14848K, reserved 1062912K
  class space    used 1371K, capacity 1409K, committed 1536K, reserved 1048576K
}
Event: 1.388 GC heap after
{Heap after GC invocations=3 (full 0):
 garbage-first heap   total 63488K, used 7289K [0x00000000c2c00000, 0x0000000100000000)
  region size 1024K, 2 young (2048K), 2 survivors (2048K)
 Metaspace       used 14427K, capacity 14522K, committed 14848K, reserved 1062912K
  class space    used 1371K, capacity 1409K, committed 1536K, reserved 1048576K
}
Event: 2.304 GC heap before
{Heap before GC invocations=3 (full 0):
 garbage-first heap   total 63488K, used 33913K [0x00000000c2c00000, 0x0000000100000000)
  region size 1024K, 29 young (29696K), 2 survivors (2048K)
 Metaspace       used 21006K, capacity 21193K, committed 21248K, reserved 1069056K
  class space    used 2203K, capacity 2303K, committed 2304K, reserved 1048576K
}
Event: 2.316 GC heap after
{Heap after GC invocations=4 (full 0):
 garbage-first heap   total 63488K, used 9825K [0x00000000c2c00000, 0x0000000100000000)
  region size 1024K, 4 young (4096K), 4 survivors (4096K)
 Metaspace       used 21006K, capacity 21193K, committed 21248K, reserved 1069056K
  class space    used 2203K, capacity 2303K, committed 2304K, reserved 1048576K
}
Event: 3.500 GC heap before
{Heap before GC invocations=5 (full 0):
 garbage-first heap   total 63488K, used 40545K [0x00000000c2c00000, 0x0000000100000000)
  region size 1024K, 31 young (31744K), 4 survivors (4096K)
 Metaspace       used 28810K, capacity 29235K, committed 29564K, reserved 1075200K
  class space    used 3153K, capacity 3340K, committed 3452K, reserved 1048576K
}
Event: 3.515 GC heap after
{Heap after GC invocations=6 (full 0):
 garbage-first heap   total 76800K, used 14887K [0x00000000c2c00000, 0x0000000100000000)
  region size 1024K, 2 young (2048K), 2 survivors (2048K)
 Metaspace       used 28810K, capacity 29235K, committed 29564K, reserved 1075200K
  class space    used 3153K, capacity 3340K, committed 3452K, reserved 1048576K
}
Event: 4.592 GC heap before
{Heap before GC invocations=6 (full 0):
 garbage-first heap   total 76800K, used 48679K [0x00000000c2c00000, 0x0000000100000000)
  region size 1024K, 33 young (33792K), 2 survivors (2048K)
 Metaspace       used 34748K, capacity 35147K, committed 35196K, reserved 1079296K
  class space    used 4266K, capacity 4436K, committed 4476K, reserved 1048576K
}
Event: 4.608 GC heap after
{Heap after GC invocations=7 (full 0):
 garbage-first heap   total 76800K, used 22126K [0x00000000c2c00000, 0x0000000100000000)
  region size 1024K, 5 young (5120K), 5 survivors (5120K)
 Metaspace       used 34748K, capacity 35147K, committed 35196K, reserved 1079296K
  class space    used 4266K, capacity 4436K, committed 4476K, reserved 1048576K
}
Event: 4.826 GC heap before
{Heap before GC invocations=7 (full 0):
 garbage-first heap   total 76800K, used 27246K [0x00000000c2c00000, 0x0000000100000000)
  region size 1024K, 11 young (11264K), 5 survivors (5120K)
 Metaspace       used 35522K, capacity 35958K, committed 36048K, reserved 1081344K
  class space    used 4347K, capacity 4536K, committed 4604K, reserved 1048576K
}
Event: 4.840 GC heap after
{Heap after GC invocations=8 (full 0):
 garbage-first heap   total 76800K, used 21206K [0x00000000c2c00000, 0x0000000100000000)
  region size 1024K, 1 young (1024K), 1 survivors (1024K)
 Metaspace       used 35522K, capacity 35958K, committed 36048K, reserved 1081344K
  class space    used 4347K, capacity 4536K, committed 4604K, reserved 1048576K
}

