# JRE version: OpenJDK Runtime Environment (11.0.13) (build 11.0.13+0-b1751.21-8125866)
# Java VM: OpenJDK 64-Bit Server VM (11.0.13+0-b1751.21-8125866, mixed mode, tiered, compressed oops, g1 gc, windows-amd64)
Heap:
 garbage-first heap   total 807936K, used 259258K [0x0000000080000000, 0x0000000100000000)
  region size 1024K, 3 young (3072K), 3 survivors (3072K)
 Metaspace       used 112436K, capacity 115270K, committed 115408K, reserved 1148928K
  class space    used 14323K, capacity 15422K, committed 15488K, reserved 1048576K
GC Heap History (20 events):
Event: 465.425 GC heap after
{Heap after GC invocations=98 (full 0):
 garbage-first heap   total 561152K, used 190976K [0x0000000080000000, 0x0000000100000000)
  region size 1024K, 4 young (4096K), 4 survivors (4096K)
 Metaspace       used 112356K, capacity 115187K, committed 115408K, reserved 1148928K
  class space    used 14323K, capacity 15422K, committed 15488K, reserved 1048576K
}
Event: 465.728 GC heap before
{Heap before GC invocations=98 (full 0):
 garbage-first heap   total 561152K, used 213504K [0x0000000080000000, 0x0000000100000000)
  region size 1024K, 27 young (27648K), 4 survivors (4096K)
 Metaspace       used 112357K, capacity 115187K, committed 115408K, reserved 1148928K
  class space    used 14323K, capacity 15422K, committed 15488K, reserved 1048576K
}
Event: 465.862 GC heap after
{Heap after GC invocations=99 (full 0):
 garbage-first heap   total 561152K, used 202752K [0x0000000080000000, 0x0000000100000000)
  region size 1024K, 4 young (4096K), 4 survivors (4096K)
 Metaspace       used 112357K, capacity 115187K, committed 115408K, reserved 1148928K
  class space    used 14323K, capacity 15422K, committed 15488K, reserved 1048576K
}
Event: 466.257 GC heap before
{Heap before GC invocations=99 (full 0):
 garbage-first heap   total 561152K, used 226304K [0x0000000080000000, 0x0000000100000000)
  region size 1024K, 27 young (27648K), 4 survivors (4096K)
 Metaspace       used 112357K, capacity 115187K, committed 115408K, reserved 1148928K
  class space    used 14323K, capacity 15422K, committed 15488K, reserved 1048576K
}
Event: 466.398 GC heap after
{Heap after GC invocations=100 (full 0):
 garbage-first heap   total 561152K, used 215552K [0x0000000080000000, 0x0000000100000000)
  region size 1024K, 4 young (4096K), 4 survivors (4096K)
 Metaspace       used 112357K, capacity 115187K, committed 115408K, reserved 1148928K
  class space    used 14323K, capacity 15422K, committed 15488K, reserved 1048576K
}
Event: 466.675 GC heap before
{Heap before GC invocations=100 (full 0):
 garbage-first heap   total 561152K, used 239104K [0x0000000080000000, 0x0000000100000000)
  region size 1024K, 27 young (27648K), 4 survivors (4096K)
 Metaspace       used 112412K, capacity 115196K, committed 115408K, reserved 1148928K
  class space    used 14323K, capacity 15422K, committed 15488K, reserved 1048576K
}
Event: 466.722 GC heap after
{Heap after GC invocations=101 (full 0):
 garbage-first heap   total 561152K, used 219540K [0x0000000080000000, 0x0000000100000000)
  region size 1024K, 4 young (4096K), 4 survivors (4096K)
 Metaspace       used 112412K, capacity 115196K, committed 115408K, reserved 1148928K
  class space    used 14323K, capacity 15422K, committed 15488K, reserved 1048576K
}
Event: 467.329 GC heap before
{Heap before GC invocations=101 (full 0):
 garbage-first heap   total 561152K, used 248212K [0x0000000080000000, 0x0000000100000000)
  region size 1024K, 33 young (33792K), 4 survivors (4096K)
 Metaspace       used 112418K, capacity 115198K, committed 115408K, reserved 1148928K
  class space    used 14323K, capacity 15422K, committed 15488K, reserved 1048576K
}
Event: 467.413 GC heap after
{Heap after GC invocations=102 (full 0):
 garbage-first heap   total 561152K, used 223232K [0x0000000080000000, 0x0000000100000000)
  region size 1024K, 4 young (4096K), 4 survivors (4096K)
 Metaspace       used 112418K, capacity 115198K, committed 115408K, reserved 1148928K
  class space    used 14323K, capacity 15422K, committed 15488K, reserved 1048576K
}
Event: 468.070 GC heap before
{Heap before GC invocations=102 (full 0):
 garbage-first heap   total 561152K, used 251904K [0x0000000080000000, 0x0000000100000000)
  region size 1024K, 27 young (27648K), 4 survivors (4096K)
 Metaspace       used 112434K, capacity 115270K, committed 115408K, reserved 1148928K
  class space    used 14323K, capacity 15422K, committed 15488K, reserved 1048576K
}
Event: 468.134 GC heap after
{Heap after GC invocations=103 (full 0):
 garbage-first heap   total 561152K, used 231501K [0x0000000080000000, 0x0000000100000000)
  region size 1024K, 3 young (3072K), 3 survivors (3072K)
 Metaspace       used 112434K, capacity 115270K, committed 115408K, reserved 1148928K
  class space    used 14323K, capacity 15422K, committed 15488K, reserved 1048576K
}
Event: 468.814 GC heap before
{Heap before GC invocations=103 (full 0):
 garbage-first heap   total 561152K, used 263245K [0x0000000080000000, 0x0000000100000000)
  region size 1024K, 27 young (27648K), 3 survivors (3072K)
 Metaspace       used 112434K, capacity 115270K, committed 115408K, reserved 1148928K
  class space    used 14323K, capacity 15422K, committed 15488K, reserved 1048576K
}
Event: 468.888 GC heap after
{Heap after GC invocations=104 (full 0):
 garbage-first heap   total 561152K, used 240960K [0x0000000080000000, 0x0000000100000000)
  region size 1024K, 2 young (2048K), 2 survivors (2048K)
 Metaspace       used 112434K, capacity 115270K, committed 115408K, reserved 1148928K
  class space    used 14323K, capacity 15422K, committed 15488K, reserved 1048576K
}
Event: 469.884 GC heap before
{Heap before GC invocations=104 (full 0):
 garbage-first heap   total 561152K, used 277824K [0x0000000080000000, 0x0000000100000000)
  region size 1024K, 32 young (32768K), 2 survivors (2048K)
 Metaspace       used 112436K, capacity 115270K, committed 115408K, reserved 1148928K
  class space    used 14323K, capacity 15422K, committed 15488K, reserved 1048576K
}
Event: 469.891 GC heap after
{Heap after GC invocations=105 (full 0):
 garbage-first heap   total 561152K, used 250752K [0x0000000080000000, 0x0000000100000000)
  region size 1024K, 4 young (4096K), 4 survivors (4096K)
 Metaspace       used 112436K, capacity 115270K, committed 115408K, reserved 1148928K
  class space    used 14323K, capacity 15422K, committed 15488K, reserved 1048576K
}
Event: 470.000 GC heap before
{Heap before GC invocations=105 (full 0):
 garbage-first heap   total 561152K, used 293760K [0x0000000080000000, 0x0000000100000000)
  region size 1024K, 45 young (46080K), 4 survivors (4096K)
 Metaspace       used 112436K, capacity 115270K, committed 115408K, reserved 1148928K
  class space    used 14323K, capacity 15422K, committed 15488K, reserved 1048576K
}
Event: 470.076 GC heap after
{Heap after GC invocations=106 (full 0):
 garbage-first heap   total 561152K, used 258923K [0x0000000080000000, 0x0000000100000000)
  region size 1024K, 6 young (6144K), 6 survivors (6144K)
 Metaspace       used 112436K, capacity 115270K, committed 115408K, reserved 1148928K
  class space    used 14323K, capacity 15422K, committed 15488K, reserved 1048576K
}
Event: 470.096 GC heap before
{Heap before GC invocations=106 (full 0):
 garbage-first heap   total 561152K, used 270187K [0x0000000080000000, 0x0000000100000000)
  region size 1024K, 18 young (18432K), 6 survivors (6144K)
 Metaspace       used 112436K, capacity 115270K, committed 115408K, reserved 1148928K
  class space    used 14323K, capacity 15422K, committed 15488K, reserved 1048576K
}
Event: 470.146 GC heap after
{Heap after GC invocations=107 (full 0):
 garbage-first heap   total 561152K, used 261459K [0x0000000080000000, 0x0000000100000000)
  region size 1024K, 3 young (3072K), 3 survivors (3072K)
 Metaspace       used 112436K, capacity 115270K, committed 115408K, reserved 1148928K
  class space    used 14323K, capacity 15422K, committed 15488K, reserved 1048576K
}
Event: 471.329 GC heap before
{Heap before GC invocations=108 (full 0):
 garbage-first heap   total 561152K, used 297299K [0x0000000080000000, 0x0000000100000000)
  region size 1024K, 40 young (40960K), 3 survivors (3072K)
 Metaspace       used 112436K, capacity 115270K, committed 115408K, reserved 1148928K
  class space    used 14323K, capacity 15422K, committed 15488K, reserved 1048576K
}

