# JRE version: OpenJDK Runtime Environment (11.0.12+7) (build 11.0.12+7-b1504.28-7817840)
# Java VM: OpenJDK 64-Bit Server VM (11.0.12+7-b1504.28-7817840, mixed mode, tiered, compressed oops, g1 gc, windows-amd64)
Heap:
 garbage-first heap   total 261120K, used 117852K [0x0000000080000000, 0x0000000100000000)
  region size 1024K, 7 young (7168K), 7 survivors (7168K)
 Metaspace       used 94232K, capacity 96529K, committed 96768K, reserved 1132544K
  class space    used 12139K, capacity 12987K, committed 13056K, reserved 1048576K
GC Heap History (20 events):
Event: 22.507 GC heap after
{Heap after GC invocations=48 (full 0):
 garbage-first heap   total 180224K, used 84694K [0x0000000080000000, 0x0000000100000000)
  region size 1024K, 2 young (2048K), 2 survivors (2048K)
 Metaspace       used 67082K, capacity 68737K, committed 68864K, reserved 1110016K
  class space    used 8565K, capacity 9153K, committed 9216K, reserved 1048576K
}
Event: 24.390 GC heap before
{Heap before GC invocations=49 (full 0):
 garbage-first heap   total 180224K, used 129750K [0x0000000080000000, 0x0000000100000000)
  region size 1024K, 45 young (46080K), 2 survivors (2048K)
 Metaspace       used 70213K, capacity 71968K, committed 72192K, reserved 1112064K
  class space    used 8972K, capacity 9606K, committed 9728K, reserved 1048576K
}
Event: 24.405 GC heap after
{Heap after GC invocations=50 (full 0):
 garbage-first heap   total 180224K, used 86742K [0x0000000080000000, 0x0000000100000000)
  region size 1024K, 4 young (4096K), 4 survivors (4096K)
 Metaspace       used 70213K, capacity 71968K, committed 72192K, reserved 1112064K
  class space    used 8972K, capacity 9606K, committed 9728K, reserved 1048576K
}
Event: 25.622 GC heap before
{Heap before GC invocations=50 (full 0):
 garbage-first heap   total 180224K, used 131798K [0x0000000080000000, 0x0000000100000000)
  region size 1024K, 48 young (49152K), 4 survivors (4096K)
 Metaspace       used 72924K, capacity 74731K, committed 74880K, reserved 1114112K
  class space    used 9367K, capacity 10036K, committed 10112K, reserved 1048576K
}
Event: 25.643 GC heap after
{Heap after GC invocations=51 (full 0):
 garbage-first heap   total 180224K, used 90204K [0x0000000080000000, 0x0000000100000000)
  region size 1024K, 6 young (6144K), 6 survivors (6144K)
 Metaspace       used 72924K, capacity 74731K, committed 74880K, reserved 1114112K
  class space    used 9367K, capacity 10036K, committed 10112K, reserved 1048576K
}
Event: 27.644 GC heap before
{Heap before GC invocations=52 (full 0):
 garbage-first heap   total 180224K, used 135260K [0x0000000080000000, 0x0000000100000000)
  region size 1024K, 50 young (51200K), 6 survivors (6144K)
 Metaspace       used 77602K, capacity 79479K, committed 79744K, reserved 1118208K
  class space    used 10101K, capacity 10775K, committed 10880K, reserved 1048576K
}
Event: 27.679 GC heap after
{Heap after GC invocations=53 (full 0):
 garbage-first heap   total 180224K, used 92882K [0x0000000080000000, 0x0000000100000000)
  region size 1024K, 6 young (6144K), 6 survivors (6144K)
 Metaspace       used 77602K, capacity 79479K, committed 79744K, reserved 1118208K
  class space    used 10101K, capacity 10775K, committed 10880K, reserved 1048576K
}
Event: 27.832 GC heap before
{Heap before GC invocations=53 (full 0):
 garbage-first heap   total 180224K, used 94930K [0x0000000080000000, 0x0000000100000000)
  region size 1024K, 9 young (9216K), 6 survivors (6144K)
 Metaspace       used 78050K, capacity 79991K, committed 80256K, reserved 1118208K
  class space    used 10152K, capacity 10839K, committed 10880K, reserved 1048576K
}
Event: 27.851 GC heap after
{Heap after GC invocations=54 (full 0):
 garbage-first heap   total 217088K, used 93050K [0x0000000080000000, 0x0000000100000000)
  region size 1024K, 3 young (3072K), 3 survivors (3072K)
 Metaspace       used 78050K, capacity 79991K, committed 80256K, reserved 1118208K
  class space    used 10152K, capacity 10839K, committed 10880K, reserved 1048576K
}
Event: 28.325 GC heap before
{Heap before GC invocations=55 (full 0):
 garbage-first heap   total 217088K, used 99194K [0x0000000080000000, 0x0000000100000000)
  region size 1024K, 4 young (4096K), 3 survivors (3072K)
 Metaspace       used 78051K, capacity 79991K, committed 80256K, reserved 1118208K
  class space    used 10152K, capacity 10839K, committed 10880K, reserved 1048576K
}
Event: 28.344 GC heap after
{Heap after GC invocations=56 (full 0):
 garbage-first heap   total 217088K, used 99881K [0x0000000080000000, 0x0000000100000000)
  region size 1024K, 4 young (4096K), 4 survivors (4096K)
 Metaspace       used 78051K, capacity 79991K, committed 80256K, reserved 1118208K
  class space    used 10152K, capacity 10839K, committed 10880K, reserved 1048576K
}
Event: 30.392 GC heap before
{Heap before GC invocations=57 (full 0):
 garbage-first heap   total 217088K, used 146985K [0x0000000080000000, 0x0000000100000000)
  region size 1024K, 47 young (48128K), 4 survivors (4096K)
 Metaspace       used 80132K, capacity 82136K, committed 82432K, reserved 1120256K
  class space    used 10439K, capacity 11201K, committed 11264K, reserved 1048576K
}
Event: 30.413 GC heap after
{Heap after GC invocations=58 (full 0):
 garbage-first heap   total 217088K, used 109047K [0x0000000080000000, 0x0000000100000000)
  region size 1024K, 6 young (6144K), 6 survivors (6144K)
 Metaspace       used 80132K, capacity 82136K, committed 82432K, reserved 1120256K
  class space    used 10439K, capacity 11201K, committed 11264K, reserved 1048576K
}
Event: 30.742 GC heap before
{Heap before GC invocations=58 (full 0):
 garbage-first heap   total 217088K, used 120311K [0x0000000080000000, 0x0000000100000000)
  region size 1024K, 18 young (18432K), 6 survivors (6144K)
 Metaspace       used 81578K, capacity 83676K, committed 83840K, reserved 1122304K
  class space    used 10603K, capacity 11367K, committed 11392K, reserved 1048576K
}
Event: 30.753 GC heap after
{Heap after GC invocations=59 (full 0):
 garbage-first heap   total 217088K, used 110079K [0x0000000080000000, 0x0000000100000000)
  region size 1024K, 2 young (2048K), 2 survivors (2048K)
 Metaspace       used 81578K, capacity 83676K, committed 83840K, reserved 1122304K
  class space    used 10603K, capacity 11367K, committed 11392K, reserved 1048576K
}
Event: 32.522 GC heap before
{Heap before GC invocations=60 (full 0):
 garbage-first heap   total 217088K, used 155135K [0x0000000080000000, 0x0000000100000000)
  region size 1024K, 45 young (46080K), 2 survivors (2048K)
 Metaspace       used 87661K, capacity 89716K, committed 89984K, reserved 1126400K
  class space    used 11356K, capacity 12131K, committed 12160K, reserved 1048576K
}
Event: 32.546 GC heap after
{Heap after GC invocations=61 (full 0):
 garbage-first heap   total 217088K, used 110766K [0x0000000080000000, 0x0000000100000000)
  region size 1024K, 3 young (3072K), 3 survivors (3072K)
 Metaspace       used 87661K, capacity 89716K, committed 89984K, reserved 1126400K
  class space    used 11356K, capacity 12131K, committed 12160K, reserved 1048576K
}
Event: 34.192 GC heap before
{Heap before GC invocations=61 (full 0):
 garbage-first heap   total 217088K, used 158894K [0x0000000080000000, 0x0000000100000000)
  region size 1024K, 50 young (51200K), 3 survivors (3072K)
 Metaspace       used 92083K, capacity 94367K, committed 94592K, reserved 1130496K
  class space    used 11967K, capacity 12837K, committed 12928K, reserved 1048576K
}
Event: 34.212 GC heap after
{Heap after GC invocations=62 (full 0):
 garbage-first heap   total 217088K, used 113664K [0x0000000080000000, 0x0000000100000000)
  region size 1024K, 5 young (5120K), 5 survivors (5120K)
 Metaspace       used 92083K, capacity 94367K, committed 94592K, reserved 1130496K
  class space    used 11967K, capacity 12837K, committed 12928K, reserved 1048576K
}
Event: 37.226 GC heap before
{Heap before GC invocations=63 (full 0):
 garbage-first heap   total 217088K, used 164864K [0x0000000080000000, 0x0000000100000000)
  region size 1024K, 56 young (57344K), 5 survivors (5120K)
 Metaspace       used 94232K, capacity 96529K, committed 96768K, reserved 1132544K
  class space    used 12139K, capacity 12987K, committed 13056K, reserved 1048576K
}

