# JRE version: OpenJDK Runtime Environment (11.0.12+7) (build 11.0.12+7-b1504.28-7817840)
# Java VM: OpenJDK 64-Bit Server VM (11.0.12+7-b1504.28-7817840, mixed mode, tiered, compressed oops, g1 gc, windows-amd64)
Heap:
 garbage-first heap   total 195584K, used 143796K [0x0000000080000000, 0x0000000100000000)
  region size 1024K, 21 young (21504K), 4 survivors (4096K)
 Metaspace       used 110864K, capacity 113515K, committed 113740K, reserved 1148928K
  class space    used 14143K, capacity 15100K, committed 15180K, reserved 1048576K
GC Heap History (20 events):
Event: 37.487 GC heap before
{Heap before GC invocations=50 (full 0):
 garbage-first heap   total 195584K, used 141294K [0x0000000080000000, 0x0000000100000000)
  region size 1024K, 54 young (55296K), 7 survivors (7168K)
 Metaspace       used 83424K, capacity 85531K, committed 85708K, reserved 1124352K
  class space    used 10876K, capacity 11636K, committed 11724K, reserved 1048576K
}
Event: 37.514 GC heap after
{Heap after GC invocations=51 (full 0):
 garbage-first heap   total 195584K, used 97057K [0x0000000080000000, 0x0000000100000000)
  region size 1024K, 7 young (7168K), 7 survivors (7168K)
 Metaspace       used 83424K, capacity 85531K, committed 85708K, reserved 1124352K
  class space    used 10876K, capacity 11636K, committed 11724K, reserved 1048576K
}
Event: 40.908 GC heap before
{Heap before GC invocations=52 (full 0):
 garbage-first heap   total 195584K, used 157473K [0x0000000080000000, 0x0000000100000000)
  region size 1024K, 58 young (59392K), 7 survivors (7168K)
 Metaspace       used 86471K, capacity 88757K, committed 89036K, reserved 1126400K
  class space    used 11292K, capacity 12099K, committed 12236K, reserved 1048576K
}
Event: 40.938 GC heap after
{Heap after GC invocations=53 (full 0):
 garbage-first heap   total 195584K, used 110839K [0x0000000080000000, 0x0000000100000000)
  region size 1024K, 8 young (8192K), 8 survivors (8192K)
 Metaspace       used 86471K, capacity 88757K, committed 89036K, reserved 1126400K
  class space    used 11292K, capacity 12099K, committed 12236K, reserved 1048576K
}
Event: 41.715 GC heap before
{Heap before GC invocations=53 (full 0):
 garbage-first heap   total 195584K, used 146679K [0x0000000080000000, 0x0000000100000000)
  region size 1024K, 44 young (45056K), 8 survivors (8192K)
 Metaspace       used 89071K, capacity 91387K, committed 91596K, reserved 1128448K
  class space    used 11636K, capacity 12438K, committed 12492K, reserved 1048576K
}
Event: 41.736 GC heap after
{Heap after GC invocations=54 (full 0):
 garbage-first heap   total 195584K, used 114373K [0x0000000080000000, 0x0000000100000000)
  region size 1024K, 3 young (3072K), 3 survivors (3072K)
 Metaspace       used 89071K, capacity 91387K, committed 91596K, reserved 1128448K
  class space    used 11636K, capacity 12438K, committed 12492K, reserved 1048576K
}
Event: 43.854 GC heap before
{Heap before GC invocations=55 (full 0):
 garbage-first heap   total 195584K, used 157381K [0x0000000080000000, 0x0000000100000000)
  region size 1024K, 44 young (45056K), 3 survivors (3072K)
 Metaspace       used 95315K, capacity 97637K, committed 97740K, reserved 1134592K
  class space    used 12390K, capacity 13205K, committed 13260K, reserved 1048576K
}
Event: 43.870 GC heap after
{Heap after GC invocations=56 (full 0):
 garbage-first heap   total 195584K, used 115375K [0x0000000080000000, 0x0000000100000000)
  region size 1024K, 4 young (4096K), 4 survivors (4096K)
 Metaspace       used 95315K, capacity 97637K, committed 97740K, reserved 1134592K
  class space    used 12390K, capacity 13205K, committed 13260K, reserved 1048576K
}
Event: 45.442 GC heap before
{Heap before GC invocations=56 (full 0):
 garbage-first heap   total 195584K, used 158383K [0x0000000080000000, 0x0000000100000000)
  region size 1024K, 46 young (47104K), 4 survivors (4096K)
 Metaspace       used 99590K, capacity 101941K, committed 102220K, reserved 1138688K
  class space    used 12945K, capacity 13801K, committed 13900K, reserved 1048576K
}
Event: 45.464 GC heap after
{Heap after GC invocations=57 (full 0):
 garbage-first heap   total 195584K, used 117821K [0x0000000080000000, 0x0000000100000000)
  region size 1024K, 5 young (5120K), 5 survivors (5120K)
 Metaspace       used 99590K, capacity 101941K, committed 102220K, reserved 1138688K
  class space    used 12945K, capacity 13801K, committed 13900K, reserved 1048576K
}
Event: 48.495 GC heap before
{Heap before GC invocations=58 (full 0):
 garbage-first heap   total 195584K, used 158781K [0x0000000080000000, 0x0000000100000000)
  region size 1024K, 46 young (47104K), 5 survivors (5120K)
 Metaspace       used 104821K, capacity 107294K, committed 107596K, reserved 1142784K
  class space    used 13634K, capacity 14534K, committed 14668K, reserved 1048576K
}
Event: 48.523 GC heap after
{Heap after GC invocations=59 (full 0):
 garbage-first heap   total 195584K, used 121286K [0x0000000080000000, 0x0000000100000000)
  region size 1024K, 6 young (6144K), 6 survivors (6144K)
 Metaspace       used 104821K, capacity 107294K, committed 107596K, reserved 1142784K
  class space    used 13634K, capacity 14534K, committed 14668K, reserved 1048576K
}
Event: 53.650 GC heap before
{Heap before GC invocations=59 (full 0):
 garbage-first heap   total 195584K, used 162246K [0x0000000080000000, 0x0000000100000000)
  region size 1024K, 46 young (47104K), 6 survivors (6144K)
 Metaspace       used 107736K, capacity 110243K, committed 110412K, reserved 1144832K
  class space    used 13879K, capacity 14818K, committed 14924K, reserved 1048576K
}
Event: 53.677 GC heap after
{Heap after GC invocations=60 (full 0):
 garbage-first heap   total 195584K, used 123217K [0x0000000080000000, 0x0000000100000000)
  region size 1024K, 3 young (3072K), 3 survivors (3072K)
 Metaspace       used 107736K, capacity 110243K, committed 110412K, reserved 1144832K
  class space    used 13879K, capacity 14818K, committed 14924K, reserved 1048576K
}
Event: 59.066 GC heap before
{Heap before GC invocations=61 (full 0):
 garbage-first heap   total 195584K, used 162129K [0x0000000080000000, 0x0000000100000000)
  region size 1024K, 42 young (43008K), 3 survivors (3072K)
 Metaspace       used 108191K, capacity 110745K, committed 110924K, reserved 1144832K
  class space    used 13901K, capacity 14830K, committed 14924K, reserved 1048576K
}
Event: 59.086 GC heap after
{Heap after GC invocations=62 (full 0):
 garbage-first heap   total 195584K, used 124753K [0x0000000080000000, 0x0000000100000000)
  region size 1024K, 4 young (4096K), 4 survivors (4096K)
 Metaspace       used 108191K, capacity 110745K, committed 110924K, reserved 1144832K
  class space    used 13901K, capacity 14830K, committed 14924K, reserved 1048576K
}
Event: 63.458 GC heap before
{Heap before GC invocations=62 (full 0):
 garbage-first heap   total 195584K, used 163665K [0x0000000080000000, 0x0000000100000000)
  region size 1024K, 43 young (44032K), 4 survivors (4096K)
 Metaspace       used 109147K, capacity 111688K, committed 111948K, reserved 1146880K
  class space    used 13973K, capacity 14909K, committed 14924K, reserved 1048576K
}
Event: 63.484 GC heap after
{Heap after GC invocations=63 (full 0):
 garbage-first heap   total 195584K, used 126651K [0x0000000080000000, 0x0000000100000000)
  region size 1024K, 4 young (4096K), 4 survivors (4096K)
 Metaspace       used 109147K, capacity 111688K, committed 111948K, reserved 1146880K
  class space    used 13973K, capacity 14909K, committed 14924K, reserved 1048576K
}
Event: 66.024 GC heap before
{Heap before GC invocations=64 (full 0):
 garbage-first heap   total 195584K, used 164539K [0x0000000080000000, 0x0000000100000000)
  region size 1024K, 42 young (43008K), 4 survivors (4096K)
 Metaspace       used 110104K, capacity 112811K, committed 113100K, reserved 1146880K
  class space    used 14067K, capacity 15012K, committed 15052K, reserved 1048576K
}
Event: 66.043 GC heap after
{Heap after GC invocations=65 (full 0):
 garbage-first heap   total 195584K, used 128436K [0x0000000080000000, 0x0000000100000000)
  region size 1024K, 4 young (4096K), 4 survivors (4096K)
 Metaspace       used 110104K, capacity 112811K, committed 113100K, reserved 1146880K
  class space    used 14067K, capacity 15012K, committed 15052K, reserved 1048576K
}

