# JRE version: OpenJDK Runtime Environment (11.0.13) (build 11.0.13+0-b1751.21-8125866)
# Java VM: OpenJDK 64-Bit Server VM (11.0.13+0-b1751.21-8125866, mixed mode, tiered, compressed oops, g1 gc, windows-amd64)
Heap:
 garbage-first heap   total 76800K, used 36094K [0x00000000c2c00000, 0x0000000100000000)
  region size 1024K, 16 young (16384K), 2 survivors (2048K)
 Metaspace       used 37816K, capacity 38260K, committed 38400K, reserved 1083392K
  class space    used 4607K, capacity 4767K, committed 4864K, reserved 1048576K
GC Heap History (14 events):
Event: 0.441 GC heap before
{Heap before GC invocations=0 (full 0):
 garbage-first heap   total 63488K, used 9216K [0x00000000c2c00000, 0x0000000100000000)
  region size 1024K, 7 young (7168K), 0 survivors (0K)
 Metaspace       used 7179K, capacity 7279K, committed 7424K, reserved 1056768K
  class space    used 605K, capacity 660K, committed 768K, reserved 1048576K
}
Event: 0.444 GC heap after
{Heap after GC invocations=1 (full 0):
 garbage-first heap   total 63488K, used 5382K [0x00000000c2c00000, 0x0000000100000000)
  region size 1024K, 1 young (1024K), 1 survivors (1024K)
 Metaspace       used 7179K, capacity 7279K, committed 7424K, reserved 1056768K
  class space    used 605K, capacity 660K, committed 768K, reserved 1048576K
}
Event: 0.979 GC heap before
{Heap before GC invocations=1 (full 0):
 garbage-first heap   total 63488K, used 22790K [0x00000000c2c00000, 0x0000000100000000)
  region size 1024K, 17 young (17408K), 1 survivors (1024K)
 Metaspace       used 11853K, capacity 11986K, committed 12160K, reserved 1060864K
  class space    used 1053K, capacity 1077K, committed 1152K, reserved 1048576K
}
Event: 0.985 GC heap after
{Heap after GC invocations=2 (full 0):
 garbage-first heap   total 63488K, used 6173K [0x00000000c2c00000, 0x0000000100000000)
  region size 1024K, 2 young (2048K), 2 survivors (2048K)
 Metaspace       used 11853K, capacity 11986K, committed 12160K, reserved 1060864K
  class space    used 1053K, capacity 1077K, committed 1152K, reserved 1048576K
}
Event: 1.617 GC heap before
{Heap before GC invocations=2 (full 0):
 garbage-first heap   total 63488K, used 24605K [0x00000000c2c00000, 0x0000000100000000)
  region size 1024K, 20 young (20480K), 2 survivors (2048K)
 Metaspace       used 15790K, capacity 15934K, committed 16256K, reserved 1064960K
  class space    used 1515K, capacity 1578K, committed 1664K, reserved 1048576K
}
Event: 1.628 GC heap after
{Heap after GC invocations=3 (full 0):
 garbage-first heap   total 63488K, used 8248K [0x00000000c2c00000, 0x0000000100000000)
  region size 1024K, 3 young (3072K), 3 survivors (3072K)
 Metaspace       used 15790K, capacity 15934K, committed 16256K, reserved 1064960K
  class space    used 1515K, capacity 1578K, committed 1664K, reserved 1048576K
}
Event: 2.233 GC heap before
{Heap before GC invocations=3 (full 0):
 garbage-first heap   total 63488K, used 26680K [0x00000000c2c00000, 0x0000000100000000)
  region size 1024K, 22 young (22528K), 3 survivors (3072K)
 Metaspace       used 21002K, capacity 21193K, committed 21248K, reserved 1069056K
  class space    used 2204K, capacity 2303K, committed 2304K, reserved 1048576K
}
Event: 2.246 GC heap after
{Heap after GC invocations=4 (full 0):
 garbage-first heap   total 63488K, used 10115K [0x00000000c2c00000, 0x0000000100000000)
  region size 1024K, 4 young (4096K), 4 survivors (4096K)
 Metaspace       used 21002K, capacity 21193K, committed 21248K, reserved 1069056K
  class space    used 2204K, capacity 2303K, committed 2304K, reserved 1048576K
}
Event: 2.996 GC heap before
{Heap before GC invocations=5 (full 0):
 garbage-first heap   total 63488K, used 35715K [0x00000000c2c00000, 0x0000000100000000)
  region size 1024K, 27 young (27648K), 4 survivors (4096K)
 Metaspace       used 27551K, capacity 27946K, committed 28288K, reserved 1075200K
  class space    used 2940K, capacity 3101K, committed 3200K, reserved 1048576K
}
Event: 3.010 GC heap after
{Heap after GC invocations=6 (full 0):
 garbage-first heap   total 76800K, used 15173K [0x00000000c2c00000, 0x0000000100000000)
  region size 1024K, 4 young (4096K), 4 survivors (4096K)
 Metaspace       used 27551K, capacity 27946K, committed 28288K, reserved 1075200K
  class space    used 2940K, capacity 3101K, committed 3200K, reserved 1048576K
}
Event: 3.922 GC heap before
{Heap before GC invocations=6 (full 0):
 garbage-first heap   total 76800K, used 45893K [0x00000000c2c00000, 0x0000000100000000)
  region size 1024K, 32 young (32768K), 4 survivors (4096K)
 Metaspace       used 33128K, capacity 33579K, committed 33792K, reserved 1079296K
  class space    used 4102K, capacity 4276K, committed 4352K, reserved 1048576K
}
Event: 3.944 GC heap after
{Heap after GC invocations=7 (full 0):
 garbage-first heap   total 76800K, used 21166K [0x00000000c2c00000, 0x0000000100000000)
  region size 1024K, 4 young (4096K), 4 survivors (4096K)
 Metaspace       used 33128K, capacity 33579K, committed 33792K, reserved 1079296K
  class space    used 4102K, capacity 4276K, committed 4352K, reserved 1048576K
}
Event: 4.300 GC heap before
{Heap before GC invocations=7 (full 0):
 garbage-first heap   total 76800K, used 32430K [0x00000000c2c00000, 0x0000000100000000)
  region size 1024K, 16 young (16384K), 4 survivors (4096K)
 Metaspace       used 35348K, capacity 35734K, committed 35840K, reserved 1081344K
  class space    used 4336K, capacity 4504K, committed 4608K, reserved 1048576K
}
Event: 4.315 GC heap after
{Heap after GC invocations=8 (full 0):
 garbage-first heap   total 76800K, used 22782K [0x00000000c2c00000, 0x0000000100000000)
  region size 1024K, 2 young (2048K), 2 survivors (2048K)
 Metaspace       used 35348K, capacity 35734K, committed 35840K, reserved 1081344K
  class space    used 4336K, capacity 4504K, committed 4608K, reserved 1048576K
}

