# JRE version: OpenJDK Runtime Environment (11.0.13) (build 11.0.13+0-b1751.21-8125866)
# Java VM: OpenJDK 64-Bit Server VM (11.0.13+0-b1751.21-8125866, mixed mode, tiered, compressed oops, g1 gc, windows-amd64)
Heap:
 garbage-first heap   total 193536K, used 157230K [0x0000000080000000, 0x0000000100000000)
  region size 1024K, 6 young (6144K), 1 survivors (1024K)
 Metaspace       used 120840K, capacity 124104K, committed 124240K, reserved 1157120K
  class space    used 15581K, capacity 16865K, committed 16896K, reserved 1048576K
GC Heap History (20 events):
Event: 73.647 GC heap before
{Heap before GC invocations=35 (full 0):
 garbage-first heap   total 192512K, used 158665K [0x0000000080000000, 0x0000000100000000)
  region size 1024K, 73 young (74752K), 8 survivors (8192K)
 Metaspace       used 103923K, capacity 106455K, committed 106576K, reserved 1142784K
  class space    used 13336K, capacity 14273K, committed 14336K, reserved 1048576K
}
Event: 73.685 GC heap after
{Heap after GC invocations=36 (full 0):
 garbage-first heap   total 192512K, used 97704K [0x0000000080000000, 0x0000000100000000)
  region size 1024K, 9 young (9216K), 9 survivors (9216K)
 Metaspace       used 103923K, capacity 106455K, committed 106576K, reserved 1142784K
  class space    used 13336K, capacity 14273K, committed 14336K, reserved 1048576K
}
Event: 76.890 GC heap before
{Heap before GC invocations=36 (full 0):
 garbage-first heap   total 192512K, used 155048K [0x0000000080000000, 0x0000000100000000)
  region size 1024K, 67 young (68608K), 9 survivors (9216K)
 Metaspace       used 113564K, capacity 116722K, committed 117072K, reserved 1150976K
  class space    used 14807K, capacity 16014K, committed 16128K, reserved 1048576K
}
Event: 76.930 GC heap after
{Heap after GC invocations=37 (full 0):
 garbage-first heap   total 192512K, used 101724K [0x0000000080000000, 0x0000000100000000)
  region size 1024K, 4 young (4096K), 4 survivors (4096K)
 Metaspace       used 113564K, capacity 116722K, committed 117072K, reserved 1150976K
  class space    used 14807K, capacity 16014K, committed 16128K, reserved 1048576K
}
Event: 601.333 GC heap before
{Heap before GC invocations=38 (full 0):
 garbage-first heap   total 192512K, used 169308K [0x0000000080000000, 0x0000000100000000)
  region size 1024K, 60 young (61440K), 4 survivors (4096K)
 Metaspace       used 115016K, capacity 118196K, committed 118480K, reserved 1150976K
  class space    used 14980K, capacity 16210K, committed 16256K, reserved 1048576K
}
Event: 601.763 GC heap after
{Heap after GC invocations=39 (full 0):
 garbage-first heap   total 192512K, used 105806K [0x0000000080000000, 0x0000000100000000)
  region size 1024K, 8 young (8192K), 8 survivors (8192K)
 Metaspace       used 115016K, capacity 118196K, committed 118480K, reserved 1150976K
  class space    used 14980K, capacity 16210K, committed 16256K, reserved 1048576K
}
Event: 607.969 GC heap before
{Heap before GC invocations=39 (full 0):
 garbage-first heap   total 192512K, used 128334K [0x0000000080000000, 0x0000000100000000)
  region size 1024K, 32 young (32768K), 8 survivors (8192K)
 Metaspace       used 115606K, capacity 118811K, committed 118992K, reserved 1153024K
  class space    used 15011K, capacity 16255K, committed 16256K, reserved 1048576K
}
Event: 608.051 GC heap after
{Heap after GC invocations=40 (full 0):
 garbage-first heap   total 192512K, used 109056K [0x0000000080000000, 0x0000000100000000)
  region size 1024K, 8 young (8192K), 8 survivors (8192K)
 Metaspace       used 115606K, capacity 118811K, committed 118992K, reserved 1153024K
  class space    used 15011K, capacity 16255K, committed 16256K, reserved 1048576K
}
Event: 611.192 GC heap before
{Heap before GC invocations=41 (full 0):
 garbage-first heap   total 192512K, used 156160K [0x0000000080000000, 0x0000000100000000)
  region size 1024K, 52 young (53248K), 8 survivors (8192K)
 Metaspace       used 116508K, capacity 119690K, committed 119888K, reserved 1153024K
  class space    used 15111K, capacity 16338K, committed 16384K, reserved 1048576K
}
Event: 611.322 GC heap after
{Heap after GC invocations=42 (full 0):
 garbage-first heap   total 193536K, used 137216K [0x0000000080000000, 0x0000000100000000)
  region size 1024K, 7 young (7168K), 7 survivors (7168K)
 Metaspace       used 116508K, capacity 119690K, committed 119888K, reserved 1153024K
  class space    used 15111K, capacity 16338K, committed 16384K, reserved 1048576K
}
Event: 611.701 GC heap before
{Heap before GC invocations=42 (full 0):
 garbage-first heap   total 193536K, used 156672K [0x0000000080000000, 0x0000000100000000)
  region size 1024K, 27 young (27648K), 7 survivors (7168K)
 Metaspace       used 116853K, capacity 120078K, committed 120272K, reserved 1153024K
  class space    used 15147K, capacity 16404K, committed 16512K, reserved 1048576K
}
Event: 611.748 GC heap after
{Heap after GC invocations=43 (full 0):
 garbage-first heap   total 193536K, used 139776K [0x0000000080000000, 0x0000000100000000)
  region size 1024K, 3 young (3072K), 3 survivors (3072K)
 Metaspace       used 116853K, capacity 120078K, committed 120272K, reserved 1153024K
  class space    used 15147K, capacity 16404K, committed 16512K, reserved 1048576K
}
Event: 613.231 GC heap before
{Heap before GC invocations=44 (full 0):
 garbage-first heap   total 193536K, used 158208K [0x0000000080000000, 0x0000000100000000)
  region size 1024K, 22 young (22528K), 3 survivors (3072K)
 Metaspace       used 118973K, capacity 122225K, committed 122320K, reserved 1155072K
  class space    used 15412K, capacity 16693K, committed 16768K, reserved 1048576K
}
Event: 613.299 GC heap after
{Heap after GC invocations=45 (full 0):
 garbage-first heap   total 193536K, used 143872K [0x0000000080000000, 0x0000000100000000)
  region size 1024K, 3 young (3072K), 3 survivors (3072K)
 Metaspace       used 118973K, capacity 122225K, committed 122320K, reserved 1155072K
  class space    used 15412K, capacity 16693K, committed 16768K, reserved 1048576K
}
Event: 613.681 GC heap before
{Heap before GC invocations=45 (full 0):
 garbage-first heap   total 193536K, used 148992K [0x0000000080000000, 0x0000000100000000)
  region size 1024K, 9 young (9216K), 3 survivors (3072K)
 Metaspace       used 118993K, capacity 122225K, committed 122320K, reserved 1155072K
  class space    used 15412K, capacity 16693K, committed 16768K, reserved 1048576K
}
Event: 613.846 GC heap after
{Heap after GC invocations=46 (full 0):
 garbage-first heap   total 193536K, used 143854K [0x0000000080000000, 0x0000000100000000)
  region size 1024K, 2 young (2048K), 2 survivors (2048K)
 Metaspace       used 118993K, capacity 122225K, committed 122320K, reserved 1155072K
  class space    used 15412K, capacity 16693K, committed 16768K, reserved 1048576K
}
Event: 613.872 GC heap before
{Heap before GC invocations=46 (full 0):
 garbage-first heap   total 193536K, used 143854K [0x0000000080000000, 0x0000000100000000)
  region size 1024K, 4 young (4096K), 2 survivors (2048K)
 Metaspace       used 118994K, capacity 122225K, committed 122320K, reserved 1155072K
  class space    used 15412K, capacity 16693K, committed 16768K, reserved 1048576K
}
Event: 613.890 GC heap after
{Heap after GC invocations=47 (full 0):
 garbage-first heap   total 193536K, used 145345K [0x0000000080000000, 0x0000000100000000)
  region size 1024K, 1 young (1024K), 1 survivors (1024K)
 Metaspace       used 118994K, capacity 122225K, committed 122320K, reserved 1155072K
  class space    used 15412K, capacity 16693K, committed 16768K, reserved 1048576K
}
Event: 616.562 GC heap before
{Heap before GC invocations=48 (full 0):
 garbage-first heap   total 193536K, used 183233K [0x0000000080000000, 0x0000000100000000)
  region size 1024K, 11 young (11264K), 1 survivors (1024K)
 Metaspace       used 120435K, capacity 123687K, committed 123984K, reserved 1157120K
  class space    used 15535K, capacity 16833K, committed 16896K, reserved 1048576K
}
Event: 616.574 GC heap after
{Heap after GC invocations=49 (full 0):
 garbage-first heap   total 193536K, used 153134K [0x0000000080000000, 0x0000000100000000)
  region size 1024K, 1 young (1024K), 1 survivors (1024K)
 Metaspace       used 120435K, capacity 123687K, committed 123984K, reserved 1157120K
  class space    used 15535K, capacity 16833K, committed 16896K, reserved 1048576K
}

