# JRE version: OpenJDK Runtime Environment (11.0.13) (build 11.0.13+0-b1751.21-8125866)
# Java VM: OpenJDK 64-Bit Server VM (11.0.13+0-b1751.21-8125866, mixed mode, tiered, compressed oops, g1 gc, windows-amd64)
Heap:
 garbage-first heap   total 77824K, used 37502K [0x00000000c2c00000, 0x0000000100000000)
  region size 1024K, 24 young (24576K), 3 survivors (3072K)
 Metaspace       used 31856K, capacity 32262K, committed 32384K, reserved 1077248K
  class space    used 3941K, capacity 4114K, committed 4224K, reserved 1048576K
GC Heap History (12 events):
Event: 0.483 GC heap before
{Heap before GC invocations=0 (full 0):
 garbage-first heap   total 63488K, used 9216K [0x00000000c2c00000, 0x0000000100000000)
  region size 1024K, 7 young (7168K), 0 survivors (0K)
 Metaspace       used 7191K, capacity 7279K, committed 7424K, reserved 1056768K
  class space    used 605K, capacity 660K, committed 768K, reserved 1048576K
}
Event: 0.489 GC heap after
{Heap after GC invocations=1 (full 0):
 garbage-first heap   total 63488K, used 5029K [0x00000000c2c00000, 0x0000000100000000)
  region size 1024K, 1 young (1024K), 1 survivors (1024K)
 Metaspace       used 7191K, capacity 7279K, committed 7424K, reserved 1056768K
  class space    used 605K, capacity 660K, committed 768K, reserved 1048576K
}
Event: 0.725 GC heap before
{Heap before GC invocations=1 (full 0):
 garbage-first heap   total 63488K, used 12197K [0x00000000c2c00000, 0x0000000100000000)
  region size 1024K, 7 young (7168K), 1 survivors (1024K)
 Metaspace       used 9266K, capacity 9327K, committed 9600K, reserved 1058816K
  class space    used 748K, capacity 788K, committed 896K, reserved 1048576K
}
Event: 0.728 GC heap after
{Heap after GC invocations=2 (full 0):
 garbage-first heap   total 63488K, used 5375K [0x00000000c2c00000, 0x0000000100000000)
  region size 1024K, 1 young (1024K), 1 survivors (1024K)
 Metaspace       used 9266K, capacity 9327K, committed 9600K, reserved 1058816K
  class space    used 748K, capacity 788K, committed 896K, reserved 1048576K
}
Event: 1.140 GC heap before
{Heap before GC invocations=2 (full 0):
 garbage-first heap   total 63488K, used 19711K [0x00000000c2c00000, 0x0000000100000000)
  region size 1024K, 15 young (15360K), 1 survivors (1024K)
 Metaspace       used 13095K, capacity 13204K, committed 13312K, reserved 1060864K
  class space    used 1204K, capacity 1247K, committed 1280K, reserved 1048576K
}
Event: 1.144 GC heap after
{Heap after GC invocations=3 (full 0):
 garbage-first heap   total 63488K, used 6561K [0x00000000c2c00000, 0x0000000100000000)
  region size 1024K, 2 young (2048K), 2 survivors (2048K)
 Metaspace       used 13095K, capacity 13204K, committed 13312K, reserved 1060864K
  class space    used 1204K, capacity 1247K, committed 1280K, reserved 1048576K
}
Event: 2.247 GC heap before
{Heap before GC invocations=3 (full 0):
 garbage-first heap   total 63488K, used 31137K [0x00000000c2c00000, 0x0000000100000000)
  region size 1024K, 27 young (27648K), 2 survivors (2048K)
 Metaspace       used 18778K, capacity 18954K, committed 19200K, reserved 1067008K
  class space    used 1880K, capacity 1938K, committed 2048K, reserved 1048576K
}
Event: 2.273 GC heap after
{Heap after GC invocations=4 (full 0):
 garbage-first heap   total 63488K, used 9485K [0x00000000c2c00000, 0x0000000100000000)
  region size 1024K, 4 young (4096K), 4 survivors (4096K)
 Metaspace       used 18778K, capacity 18954K, committed 19200K, reserved 1067008K
  class space    used 1880K, capacity 1938K, committed 2048K, reserved 1048576K
}
Event: 2.610 GC heap before
{Heap before GC invocations=4 (full 0):
 garbage-first heap   total 63488K, used 16653K [0x00000000c2c00000, 0x0000000100000000)
  region size 1024K, 12 young (12288K), 4 survivors (4096K)
 Metaspace       used 20999K, capacity 21193K, committed 21248K, reserved 1069056K
  class space    used 2203K, capacity 2303K, committed 2304K, reserved 1048576K
}
Event: 2.634 GC heap after
{Heap after GC invocations=5 (full 0):
 garbage-first heap   total 77824K, used 10193K [0x00000000c2c00000, 0x0000000100000000)
  region size 1024K, 1 young (1024K), 1 survivors (1024K)
 Metaspace       used 20999K, capacity 21193K, committed 21248K, reserved 1069056K
  class space    used 2203K, capacity 2303K, committed 2304K, reserved 1048576K
}
Event: 3.620 GC heap before
{Heap before GC invocations=6 (full 0):
 garbage-first heap   total 77824K, used 39889K [0x00000000c2c00000, 0x0000000100000000)
  region size 1024K, 27 young (27648K), 1 survivors (1024K)
 Metaspace       used 28325K, capacity 28746K, committed 28928K, reserved 1075200K
  class space    used 3058K, capacity 3241K, committed 3328K, reserved 1048576K
}
Event: 3.626 GC heap after
{Heap after GC invocations=7 (full 0):
 garbage-first heap   total 77824K, used 14974K [0x00000000c2c00000, 0x0000000100000000)
  region size 1024K, 3 young (3072K), 3 survivors (3072K)
 Metaspace       used 28325K, capacity 28746K, committed 28928K, reserved 1075200K
  class space    used 3058K, capacity 3241K, committed 3328K, reserved 1048576K
}

