# JRE version: OpenJDK Runtime Environment (11.0.13) (build 11.0.13+0-b1751.21-8125866)
# Java VM: OpenJDK 64-Bit Server VM (11.0.13+0-b1751.21-8125866, mixed mode, tiered, compressed oops, g1 gc, windows-amd64)
Heap:
 garbage-first heap   total 413696K, used 122655K [0x0000000080000000, 0x0000000100000000)
  region size 1024K, 8 young (8192K), 8 survivors (8192K)
 Metaspace       used 68555K, capacity 70446K, committed 70704K, reserved 1112064K
  class space    used 8379K, capacity 9049K, committed 9088K, reserved 1048576K
GC Heap History (20 events):
Event: 122.359 GC heap after
{Heap after GC invocations=111 (full 0):
 garbage-first heap   total 344064K, used 117211K [0x0000000080000000, 0x0000000100000000)
  region size 1024K, 4 young (4096K), 4 survivors (4096K)
 Metaspace       used 68537K, capacity 70382K, committed 70448K, reserved 1110016K
  class space    used 8379K, capacity 9049K, committed 9088K, reserved 1048576K
}
Event: 122.986 GC heap before
{Heap before GC invocations=111 (full 0):
 garbage-first heap   total 344064K, used 304603K [0x0000000080000000, 0x0000000100000000)
  region size 1024K, 187 young (191488K), 4 survivors (4096K)
 Metaspace       used 68538K, capacity 70382K, committed 70448K, reserved 1110016K
  class space    used 8379K, capacity 9049K, committed 9088K, reserved 1048576K
}
Event: 122.996 GC heap after
{Heap after GC invocations=112 (full 0):
 garbage-first heap   total 344064K, used 118196K [0x0000000080000000, 0x0000000100000000)
  region size 1024K, 4 young (4096K), 4 survivors (4096K)
 Metaspace       used 68538K, capacity 70382K, committed 70448K, reserved 1110016K
  class space    used 8379K, capacity 9049K, committed 9088K, reserved 1048576K
}
Event: 123.505 GC heap before
{Heap before GC invocations=112 (full 0):
 garbage-first heap   total 344064K, used 306612K [0x0000000080000000, 0x0000000100000000)
  region size 1024K, 186 young (190464K), 4 survivors (4096K)
 Metaspace       used 68540K, capacity 70382K, committed 70448K, reserved 1110016K
  class space    used 8379K, capacity 9049K, committed 9088K, reserved 1048576K
}
Event: 123.512 GC heap after
{Heap after GC invocations=113 (full 0):
 garbage-first heap   total 344064K, used 118426K [0x0000000080000000, 0x0000000100000000)
  region size 1024K, 4 young (4096K), 4 survivors (4096K)
 Metaspace       used 68540K, capacity 70382K, committed 70448K, reserved 1110016K
  class space    used 8379K, capacity 9049K, committed 9088K, reserved 1048576K
}
Event: 124.004 GC heap before
{Heap before GC invocations=113 (full 0):
 garbage-first heap   total 344064K, used 308890K [0x0000000080000000, 0x0000000100000000)
  region size 1024K, 186 young (190464K), 4 survivors (4096K)
 Metaspace       used 68550K, capacity 70382K, committed 70448K, reserved 1110016K
  class space    used 8379K, capacity 9049K, committed 9088K, reserved 1048576K
}
Event: 124.012 GC heap after
{Heap after GC invocations=114 (full 0):
 garbage-first heap   total 344064K, used 121554K [0x0000000080000000, 0x0000000100000000)
  region size 1024K, 5 young (5120K), 5 survivors (5120K)
 Metaspace       used 68550K, capacity 70382K, committed 70448K, reserved 1110016K
  class space    used 8379K, capacity 9049K, committed 9088K, reserved 1048576K
}
Event: 124.408 GC heap before
{Heap before GC invocations=114 (full 0):
 garbage-first heap   total 344064K, used 303826K [0x0000000080000000, 0x0000000100000000)
  region size 1024K, 183 young (187392K), 5 survivors (5120K)
 Metaspace       used 68550K, capacity 70382K, committed 70448K, reserved 1110016K
  class space    used 8379K, capacity 9049K, committed 9088K, reserved 1048576K
}
Event: 124.418 GC heap after
{Heap after GC invocations=115 (full 0):
 garbage-first heap   total 344064K, used 122584K [0x0000000080000000, 0x0000000100000000)
  region size 1024K, 6 young (6144K), 6 survivors (6144K)
 Metaspace       used 68550K, capacity 70382K, committed 70448K, reserved 1110016K
  class space    used 8379K, capacity 9049K, committed 9088K, reserved 1048576K
}
Event: 124.752 GC heap before
{Heap before GC invocations=115 (full 0):
 garbage-first heap   total 344064K, used 302808K [0x0000000080000000, 0x0000000100000000)
  region size 1024K, 182 young (186368K), 6 survivors (6144K)
 Metaspace       used 68555K, capacity 70446K, committed 70704K, reserved 1112064K
  class space    used 8379K, capacity 9049K, committed 9088K, reserved 1048576K
}
Event: 124.764 GC heap after
{Heap after GC invocations=116 (full 0):
 garbage-first heap   total 344064K, used 124115K [0x0000000080000000, 0x0000000100000000)
  region size 1024K, 8 young (8192K), 8 survivors (8192K)
 Metaspace       used 68555K, capacity 70446K, committed 70704K, reserved 1112064K
  class space    used 8379K, capacity 9049K, committed 9088K, reserved 1048576K
}
Event: 125.142 GC heap before
{Heap before GC invocations=116 (full 0):
 garbage-first heap   total 344064K, used 300243K [0x0000000080000000, 0x0000000100000000)
  region size 1024K, 180 young (184320K), 8 survivors (8192K)
 Metaspace       used 68555K, capacity 70446K, committed 70704K, reserved 1112064K
  class space    used 8379K, capacity 9049K, committed 9088K, reserved 1048576K
}
Event: 125.156 GC heap after
{Heap after GC invocations=117 (full 0):
 garbage-first heap   total 344064K, used 125161K [0x0000000080000000, 0x0000000100000000)
  region size 1024K, 9 young (9216K), 9 survivors (9216K)
 Metaspace       used 68555K, capacity 70446K, committed 70704K, reserved 1112064K
  class space    used 8379K, capacity 9049K, committed 9088K, reserved 1048576K
}
Event: 125.467 GC heap before
{Heap before GC invocations=117 (full 0):
 garbage-first heap   total 344064K, used 299241K [0x0000000080000000, 0x0000000100000000)
  region size 1024K, 179 young (183296K), 9 survivors (9216K)
 Metaspace       used 68555K, capacity 70446K, committed 70704K, reserved 1112064K
  class space    used 8379K, capacity 9049K, committed 9088K, reserved 1048576K
}
Event: 125.483 GC heap after
{Heap after GC invocations=118 (full 0):
 garbage-first heap   total 344064K, used 126194K [0x0000000080000000, 0x0000000100000000)
  region size 1024K, 10 young (10240K), 10 survivors (10240K)
 Metaspace       used 68555K, capacity 70446K, committed 70704K, reserved 1112064K
  class space    used 8379K, capacity 9049K, committed 9088K, reserved 1048576K
}
Event: 125.782 GC heap before
{Heap before GC invocations=118 (full 0):
 garbage-first heap   total 344064K, used 298226K [0x0000000080000000, 0x0000000100000000)
  region size 1024K, 178 young (182272K), 10 survivors (10240K)
 Metaspace       used 68555K, capacity 70446K, committed 70704K, reserved 1112064K
  class space    used 8379K, capacity 9049K, committed 9088K, reserved 1048576K
}
Event: 125.799 GC heap after
{Heap after GC invocations=119 (full 0):
 garbage-first heap   total 344064K, used 126726K [0x0000000080000000, 0x0000000100000000)
  region size 1024K, 10 young (10240K), 10 survivors (10240K)
 Metaspace       used 68555K, capacity 70446K, committed 70704K, reserved 1112064K
  class space    used 8379K, capacity 9049K, committed 9088K, reserved 1048576K
}
Event: 126.106 GC heap before
{Heap before GC invocations=119 (full 0):
 garbage-first heap   total 344064K, used 298758K [0x0000000080000000, 0x0000000100000000)
  region size 1024K, 178 young (182272K), 10 survivors (10240K)
 Metaspace       used 68555K, capacity 70446K, committed 70704K, reserved 1112064K
  class space    used 8379K, capacity 9049K, committed 9088K, reserved 1048576K
}
Event: 126.126 GC heap after
{Heap after GC invocations=120 (full 0):
 garbage-first heap   total 344064K, used 127773K [0x0000000080000000, 0x0000000100000000)
  region size 1024K, 11 young (11264K), 11 survivors (11264K)
 Metaspace       used 68555K, capacity 70446K, committed 70704K, reserved 1112064K
  class space    used 8379K, capacity 9049K, committed 9088K, reserved 1048576K
}
Event: 126.498 GC heap before
{Heap before GC invocations=120 (full 0):
 garbage-first heap   total 344064K, used 297757K [0x0000000080000000, 0x0000000100000000)
  region size 1024K, 177 young (181248K), 11 survivors (11264K)
 Metaspace       used 68555K, capacity 70446K, committed 70704K, reserved 1112064K
  class space    used 8379K, capacity 9049K, committed 9088K, reserved 1048576K
}

